2015-1-9 10:45:52 org.apache.catalina.core.AprLifecycleListener init
信息: The APR based Apache Tomcat Native library which allows optimal performance in production environments was not found on the java.library.path: D:\ProgramFiles\Java\jdk1.6.0_45\bin;C:\windows\Sun\Java\bin;C:\windows\system32;C:\windows;D:\ProgramFiles\Java\jdk1.6.0_45\bin;F:\oracle\11.2.0\client_1;D:\ProgramFiles\Java\jdk1.6.0_45\bin;C:\Program Files\TortoiseSVN\bin;D:\ProgramFiles\apache-maven-3.0.5\bin;c:\windows\system32;F:\CXF\CXF\apache-cxf-2.4.0\bin;D:\ProgramFiles\apache-ant-1.9.4\bin;.
2015-1-9 10:45:52 org.apache.coyote.http11.Http11Protocol init
信息: Initializing Coyote HTTP/1.1 on http-8080
2015-1-9 10:45:52 org.apache.catalina.startup.Catalina load
信息: Initialization processed in 345 ms
2015-1-9 10:45:52 org.apache.catalina.core.StandardService start
信息: Starting service Catalina
2015-1-9 10:45:52 org.apache.catalina.core.StandardEngine start
信息: Starting Servlet Engine: Apache Tomcat/6.0.43
2015-1-9 10:45:52 org.apache.catalina.startup.HostConfig deployDirectory
信息: Deploying web application directory docs
2015-1-9 10:45:52 org.apache.catalina.startup.HostConfig deployDirectory
信息: Deploying web application directory examples
2015-1-9 10:45:53 org.apache.catalina.startup.HostConfig deployDirectory
信息: Deploying web application directory host-manager
2015-1-9 10:45:53 org.apache.catalina.startup.HostConfig deployDirectory
信息: Deploying web application directory manager
2015-1-9 10:45:53 org.apache.catalina.startup.HostConfig deployDirectory
信息: Deploying web application directory ROOT
2015-1-9 10:45:53 org.apache.coyote.http11.Http11Protocol start
信息: Starting Coyote HTTP/1.1 on http-8080
2015-1-9 10:45:53 org.apache.jk.common.ChannelSocket init
信息: JK: ajp13 listening on /0.0.0.0:8009
2015-1-9 10:45:53 org.apache.jk.server.JkMain start
信息: Jk running ID=0 time=0/13  config=null
2015-1-9 10:45:53 org.apache.catalina.startup.Catalina start
信息: Server startup in 534 ms
